<?xml version="1.0" encoding="UTF-8"?>
<testng-results total="1" passed="1" failed="0" skipped="0">
  <reporter-output>
  </reporter-output>
  <suite started-at="2025-01-08T18:07:01Z" name="Default suite" finished-at="2025-01-08T18:07:03Z" duration-ms="2782">
    <groups>
    </groups>
    <test started-at="2025-01-08T18:07:01Z" name="Default test" finished-at="2025-01-08T18:07:03Z" duration-ms="2782">
      <class name="org.fis.FisSample.apiAutomation">
        <test-method is-config="true" signature="setUp()[pri:0, instance:org.fis.FisSample.apiAutomation@5b6ec132]" started-at="2025-01-08T23:37:01Z" name="setUp" finished-at="2025-01-08T23:37:01Z" duration-ms="576" status="PASS">
          <reporter-output>
          </reporter-output>
        </test-method> <!-- setUp -->
        <test-method signature="testGetCurrentPrice()[pri:0, instance:org.fis.FisSample.apiAutomation@5b6ec132]" started-at="2025-01-08T23:37:01Z" name="testGetCurrentPrice" finished-at="2025-01-08T23:37:03Z" duration-ms="2193" status="PASS">
          <reporter-output>
          </reporter-output>
        </test-method> <!-- testGetCurrentPrice -->
      </class> <!-- org.fis.FisSample.apiAutomation -->
    </test> <!-- Default test -->
  </suite> <!-- Default suite -->
</testng-results>
